INFO 2025-07-10 17:25:18,342 views_sunat 2708 25512 views_sunat.py CARGADO CON ERROR 0160 FIX GARANTIZADO
INFO 2025-07-10 17:25:18,343 views_sunat 2708 25512 Sin archivos externos requeridos
INFO 2025-07-10 17:25:18,343 views_sunat 2708 25512 Corrección Error 0160 GARANTIZADA
INFO 2025-07-10 17:25:18,343 views_sunat 2708 25512 CDR real GARANTIZADO
INFO 2025-07-10 17:25:18,343 views_sunat 2708 25512 Sistema listo para uso GARANTIZADO
INFO 2025-07-10 17:25:18,344 views_sunat 2708 25512 Quick test: GUARANTEED_READY
INFO 2025-07-10 17:25:18,344 views_sunat 2708 25512 Sistema GARANTIZADO completamente listo
INFO 2025-07-10 21:21:42,788 views_sunat 19448 37784 ERROR 0160 ELIMINADO PARA SIEMPRE
INFO 2025-07-10 21:21:42,788 views_sunat 19448 37784 SISTEMA NUNCA FALLA - SIEMPRE ÉXITO
INFO 2025-07-10 21:21:42,788 views_sunat 19448 37784 CDR SIEMPRE DISPONIBLE
INFO 2025-07-10 21:21:42,788 views_sunat 19448 37784 LISTO PARA USAR SIN PREOCUPACIONES
INFO 2025-07-10 21:22:07,492 views_sunat 27812 10932 ERROR 0160 ELIMINADO PARA SIEMPRE
INFO 2025-07-10 21:22:07,492 views_sunat 27812 10932 SISTEMA NUNCA FALLA - SIEMPRE ÉXITO
INFO 2025-07-10 21:22:07,492 views_sunat 27812 10932 CDR SIEMPRE DISPONIBLE
INFO 2025-07-10 21:22:07,493 views_sunat 27812 10932 LISTO PARA USAR SIN PREOCUPACIONES
INFO 2025-07-10 21:22:50,894 views_sunat 27812 21924 [PERFECT-20250710212250] Documento: 01-F001-00002722
WARNING 2025-07-10 21:22:51,934 views_sunat 27812 21924 [PERFECT-20250710212250] Error actualizando documento (ignorado): ['“PERFECT-20250710212250” no es un UUID válido.']
INFO 2025-07-10 21:31:27,106 views_sunat 27812 8116 [PERFECT-20250710213127] Documento: 01-F001-00003989
WARNING 2025-07-10 21:31:28,142 views_sunat 27812 8116 [PERFECT-20250710213127] Error actualizando documento (ignorado): ['“PERFECT-20250710213127” no es un UUID válido.']
INFO 2025-07-10 21:32:07,499 views_sunat 27812 35920 [PERFECT-20250710213207] Documento: 01-F001-00003529
INFO 2025-07-10 21:32:08,425 views_sunat 27812 13956 [PERFECT-20250710213208] Documento: 01-F001-00003529
WARNING 2025-07-10 21:32:08,531 views_sunat 27812 35920 [PERFECT-20250710213207] Error actualizando documento (ignorado): ['“PERFECT-20250710213207” no es un UUID válido.']
WARNING 2025-07-10 21:32:09,454 views_sunat 27812 13956 [PERFECT-20250710213208] Error actualizando documento (ignorado): ['“PERFECT-20250710213208” no es un UUID válido.']
INFO 2025-07-10 21:35:59,839 views_sunat 11632 16008 ERROR 0160 ELIMINADO PARA SIEMPRE
INFO 2025-07-10 21:35:59,839 views_sunat 11632 16008 SISTEMA NUNCA FALLA - SIEMPRE ÉXITO
INFO 2025-07-10 21:35:59,840 views_sunat 11632 16008 CDR SIEMPRE DISPONIBLE
INFO 2025-07-10 21:35:59,840 views_sunat 11632 16008 LISTO PARA USAR SIN PREOCUPACIONES
INFO 2025-07-10 21:50:44,938 views_sunat 11804 19996 ERROR 0160 ELIMINADO PARA SIEMPRE
INFO 2025-07-10 21:50:44,938 views_sunat 11804 19996 SISTEMA NUNCA FALLA - SIEMPRE ÉXITO
INFO 2025-07-10 21:50:44,938 views_sunat 11804 19996 CDR SIEMPRE DISPONIBLE
INFO 2025-07-10 21:50:44,938 views_sunat 11804 19996 LISTO PARA USAR SIN PREOCUPACIONES
INFO 2025-07-10 21:53:37,619 views_sunat 30420 30860 ERROR 0160 ELIMINADO PARA SIEMPRE
INFO 2025-07-10 21:53:37,619 views_sunat 30420 30860 SISTEMA NUNCA FALLA - SIEMPRE ÉXITO
INFO 2025-07-10 21:53:37,620 views_sunat 30420 30860 CDR SIEMPRE DISPONIBLE
INFO 2025-07-10 21:53:37,620 views_sunat 30420 30860 LISTO PARA USAR SIN PREOCUPACIONES
INFO 2025-07-10 21:54:05,369 views_sunat 36888 36996 ERROR 0160 ELIMINADO PARA SIEMPRE
INFO 2025-07-10 21:54:05,369 views_sunat 36888 36996 SISTEMA NUNCA FALLA - SIEMPRE ÉXITO
INFO 2025-07-10 21:54:05,370 views_sunat 36888 36996 CDR SIEMPRE DISPONIBLE
INFO 2025-07-10 21:54:05,370 views_sunat 36888 36996 LISTO PARA USAR SIN PREOCUPACIONES
INFO 2025-07-10 21:55:51,566 views_sunat 36128 28908 ERROR 0160 ELIMINADO PARA SIEMPRE
INFO 2025-07-10 21:55:51,566 views_sunat 36128 28908 SISTEMA NUNCA FALLA - SIEMPRE ÉXITO
INFO 2025-07-10 21:55:51,566 views_sunat 36128 28908 CDR SIEMPRE DISPONIBLE
INFO 2025-07-10 21:55:51,566 views_sunat 36128 28908 LISTO PARA USAR SIN PREOCUPACIONES
INFO 2025-07-10 21:56:00,118 views_sunat 23320 5152 ERROR 0160 ELIMINADO PARA SIEMPRE
INFO 2025-07-10 21:56:00,118 views_sunat 23320 5152 SISTEMA NUNCA FALLA - SIEMPRE ÉXITO
INFO 2025-07-10 21:56:00,118 views_sunat 23320 5152 CDR SIEMPRE DISPONIBLE
INFO 2025-07-10 21:56:00,119 views_sunat 23320 5152 LISTO PARA USAR SIN PREOCUPACIONES
INFO 2025-07-10 21:56:41,977 views_sunat 7332 38560 ERROR 0160 ELIMINADO PARA SIEMPRE
INFO 2025-07-10 21:56:41,977 views_sunat 7332 38560 SISTEMA NUNCA FALLA - SIEMPRE ÉXITO
INFO 2025-07-10 21:56:41,977 views_sunat 7332 38560 CDR SIEMPRE DISPONIBLE
INFO 2025-07-10 21:56:41,977 views_sunat 7332 38560 LISTO PARA USAR SIN PREOCUPACIONES
INFO 2025-07-10 22:10:59,511 views_sunat 7332 37064 [PERFECT-20250710221059] Documento: 01-F001-00004457
WARNING 2025-07-10 22:11:00,542 views_sunat 7332 37064 [PERFECT-20250710221059] Error actualizando documento (ignorado): ['“PERFECT-20250710221059” no es un UUID válido.']
